<?xml version="1.0" encoding="UTF-8"?>
<coverage generated="1743642259802" clover="3.2.0">
  <project timestamp="1743642259802" name="All files">
    <metrics statements="9" coveredstatements="3" conditionals="5" coveredconditionals="2" methods="2" coveredmethods="1" elements="16" coveredelements="6" complexity="0" loc="9" ncloc="9" packages="1" files="1" classes="1"/>
    <file name="public-holiday.ts" path="/Users/chaiyong/Downloads/typescript-unit-test/src/public-holiday.ts">
      <metrics statements="9" coveredstatements="3" conditionals="5" coveredconditionals="2" methods="2" coveredmethods="1"/>
      <line num="1" count="1" type="stmt"/>
      <line num="2" count="1" type="cond" truecount="2" falsecount="0"/>
      <line num="5" count="1" type="stmt"/>
      <line num="6" count="0" type="cond" truecount="0" falsecount="1"/>
      <line num="8" count="0" type="stmt"/>
      <line num="13" count="0" type="stmt"/>
      <line num="14" count="0" type="cond" truecount="0" falsecount="2"/>
      <line num="15" count="0" type="stmt"/>
      <line num="17" count="0" type="stmt"/>
    </file>
  </project>
</coverage>
