{"/Users/chaiyong/Downloads/typescript-unit-test/src/public-holiday.ts": {"path":"/Users/chaiyong/Downloads/typescript-unit-test/src/public-holiday.ts","statementMap":{"0":{"start":{"line":1,"column":0},"end":{"line":1,"column":16}},"1":{"start":{"line":5,"column":0},"end":{"line":5,"column":16}},"2":{"start":{"line":2,"column":4},"end":{"line":2,"column":34}},"3":{"start":{"line":6,"column":4},"end":{"line":6,"column":42}},"4":{"start":{"line":6,"column":29},"end":{"line":6,"column":42}},"5":{"start":{"line":8,"column":55},"end":{"line":12,"column":6}},"6":{"start":{"line":13,"column":23},"end":{"line":13,"column":64}},"7":{"start":{"line":14,"column":4},"end":{"line":17,"column":20}},"8":{"start":{"line":15,"column":8},"end":{"line":15,"column":21}},"9":{"start":{"line":17,"column":8},"end":{"line":17,"column":20}}},"fnMap":{"0":{"name":"isWeekend","decl":{"start":{"line":1,"column":16},"end":{"line":1,"column":25}},"loc":{"start":{"line":1,"column":37},"end":{"line":3,"column":3}}},"1":{"name":"isWorkingDay","decl":{"start":{"line":5,"column":16},"end":{"line":5,"column":28}},"loc":{"start":{"line":5,"column":69},"end":{"line":18,"column":1}}}},"branchMap":{"0":{"loc":{"start":{"line":2,"column":11},"end":{"line":2,"column":33}},"type":"binary-expr","locations":[{"start":{"line":2,"column":11},"end":{"line":2,"column":20}},{"start":{"line":2,"column":24},"end":{"line":2,"column":33}}]},"1":{"loc":{"start":{"line":6,"column":4},"end":{"line":6,"column":42}},"type":"if","locations":[{"start":{"line":6,"column":4},"end":{"line":6,"column":42}}]},"2":{"loc":{"start":{"line":14,"column":4},"end":{"line":17,"column":20}},"type":"if","locations":[{"start":{"line":14,"column":4},"end":{"line":17,"column":20}},{"start":{"line":17,"column":8},"end":{"line":17,"column":20}}]}},"s":{"0":1,"1":1,"2":1,"3":0,"4":0,"5":0,"6":0,"7":0,"8":0,"9":0},"f":{"0":1,"1":0},"b":{"0":[1,1],"1":[0],"2":[0,0]}}
}
